::1 - - [04/Jun/2022:03:17:45 +0000] "GET /js/home_posts HTTP/1.1" 404 152 "http://localhost:8000/" "Mozilla/5.0 (Windows NT 10.0; Win64; x64) AppleWebKit/537.36 (KHTML, like Gecko) Chrome/101.0.4951.67 Safari/537.36"
[0mGET / [32m200[0m 149.490 ms - 5223[0m
[0mGET /js/home_posts [33m404[0m 37.278 ms - 152[0m
[0mGET /favicon.ico [33m404[0m 7.437 ms - 150[0m
[0mGET /users/sign-in [36m304[0m 12.150 ms - -[0m
[0mGET /users/auth/google [36m302[0m 8.429 ms - 0[0m
[0mGET /users/auth/google/callback?code=4%2F0AX4XfWhoLTB8VFPsq5LTP8w6ioQtOe2-j2ygKZyunEz4Eh9379_8P5nKm_dT1Iv8NA-c8w&scope=email+profile+https%3A%2F%2Fwww.googleapis.com%2Fauth%2Fuserinfo.profile+https%3A%2F%2Fwww.googleapis.com%2Fauth%2Fuserinfo.email+openid&authuser=0&prompt=consent [36m302[0m 989.140 ms - 46[0m
[0mGET / [32m200[0m 52.246 ms - 8871[0m
[0mGET /js/home_posts [33m404[0m 32.050 ms - 152[0m
[0mGET / [32m200[0m 175.016 ms - 5219[0m
[0mGET /js/home_posts [33m404[0m 45.236 ms - 152[0m
[0mGET /users/sign-in [32m200[0m 23.508 ms - 3271[0m
[0mGET /users/css/layout.css [33m404[0m 18.258 ms - 159[0m
[0mGET /users/css/sign-in.css [33m404[0m 15.967 ms - 160[0m
[0mGET /users/css/header.css [33m404[0m 27.404 ms - 159[0m
[0mGET /users/css/footer.css [33m404[0m 31.544 ms - 159[0m
[0mGET /js/home_posts [33m404[0m 9.284 ms - 152[0m
[0mGET / [31m500[0m 53.957 ms - 1174[0m
[0mGET / [31m500[0m 58.496 ms - 1885[0m
[0mGET / [32m200[0m 44.664 ms - 5218[0m
[0mGET /users/sign-in [36m304[0m 20.089 ms - -[0m
[0mGET /users/css/layout.css [33m404[0m 31.649 ms - 159[0m
[0mGET /users/css/footer.css [33m404[0m 17.422 ms - 159[0m
[0mGET /users/css/header.css [33m404[0m 20.432 ms - 159[0m
[0mGET /users/css/sign-in.css [33m404[0m 18.779 ms - 160[0m
[0mGET /users/sign-in [36m304[0m 14.079 ms - -[0m
[0mGET /users/css/layout.css [33m404[0m 27.080 ms - 159[0m
[0mGET /users/css/header.css [33m404[0m 26.511 ms - 159[0m
[0mGET /users/css/footer.css [33m404[0m 23.600 ms - 159[0m
[0mGET /users/css/sign-in.css [33m404[0m 25.237 ms - 160[0m
[0mGET /users/sign-in [36m304[0m 14.178 ms - -[0m
[0mGET /users/css/layout.css [33m404[0m 15.494 ms - 159[0m
[0mGET /users/css/header.css [33m404[0m 33.589 ms - 159[0m
[0mGET /users/css/footer.css [33m404[0m 22.040 ms - 159[0m
[0mGET /users/css/sign-in.css [33m404[0m 25.542 ms - 160[0m
[0mGET /users/css/layout.css [33m404[0m 13.324 ms - 159[0m
[0mGET /users/css/header.css [33m404[0m 16.296 ms - 159[0m
[0mGET /users/css/footer.css [33m404[0m 16.004 ms - 159[0m
[0mGET /users/css/sign-in.css [33m404[0m 15.837 ms - 160[0m
[0mGET /users/sign-in [36m304[0m 11.742 ms - -[0m
[0mGET /users/css/layout.css [33m404[0m 15.258 ms - 159[0m
[0mGET /users/css/header.css [33m404[0m 33.233 ms - 159[0m
[0mGET /users/css/footer.css [33m404[0m 20.344 ms - 159[0m
[0mGET /users/css/sign-in.css [33m404[0m 26.415 ms - 160[0m
[0mGET /users/sign-in [36m304[0m 14.799 ms - -[0m
[0mGET /users/css/layout.css [33m404[0m 20.332 ms - 159[0m
[0mGET /users/css/header.css [33m404[0m 26.828 ms - 159[0m
[0mGET /users/css/footer.css [33m404[0m 22.829 ms - 159[0m
[0mGET /users/css/sign-in.css [33m404[0m 20.580 ms - 160[0m
[0mGET /users/sign-up [32m200[0m 19.555 ms - 2399[0m
[0mGET /users/css/layout.css [33m404[0m 12.568 ms - 159[0m
[0mGET /users/css/header.css [33m404[0m 24.113 ms - 159[0m
[0mGET /users/css/footer.css [33m404[0m 12.046 ms - 159[0m
[0mGET /users/css/sign-in.css [33m404[0m 14.967 ms - 160[0m
[0mGET /users/sign-in [36m304[0m 13.173 ms - -[0m
[0mGET /users/css/layout.css [33m404[0m 19.504 ms - 159[0m
[0mGET /users/css/header.css [33m404[0m 26.644 ms - 159[0m
[0mGET /users/css/footer.css [33m404[0m 11.563 ms - 159[0m
[0mGET /users/css/sign-in.css [33m404[0m 13.947 ms - 160[0m
[0mGET /users/auth/google [36m302[0m 10.142 ms - 0[0m
[0mGET /users/auth/google/callback?code=4%2F0AX4XfWhr-zJyvgeSN5SPDvL5P_nFwTLEyun_Cp92VUD_eCDmKMiowHNSTeyJhbb5_ctmMA&scope=email+profile+https%3A%2F%2Fwww.googleapis.com%2Fauth%2Fuserinfo.profile+https%3A%2F%2Fwww.googleapis.com%2Fauth%2Fuserinfo.email+openid&authuser=0&prompt=consent [36m302[0m 1558.596 ms - 46[0m
[0mGET / [32m200[0m 52.305 ms - 8866[0m
[0mGET / [32m200[0m 55.674 ms - 8531[0m
[0mGET /users/sign-out [36m302[0m 13.665 ms - 46[0m
[0mGET / [32m200[0m 44.000 ms - 5551[0m
[0mGET /users/sign-in [36m304[0m 16.837 ms - -[0m
[0mGET /users/css/layout.css [33m404[0m 22.368 ms - 159[0m
[0mGET /users/css/header.css [33m404[0m 23.263 ms - 159[0m
[0mGET /users/css/footer.css [33m404[0m 22.429 ms - 159[0m
[0mGET /users/css/sign-in.css [33m404[0m 15.341 ms - 160[0m
[0mGET /users/sign-in [32m200[0m 14.267 ms - 3275[0m
[0mGET /users/auth/google [36m302[0m 7.706 ms - 0[0m
[0mGET /users/auth/google/callback?code=4%2F0AX4XfWhGVG-xBXgTjCeihiEpBEthq6d3dmhsM0cdyT7D5m4rH4VBCGA8vg1StkGESA0SIg&scope=email+profile+https%3A%2F%2Fwww.googleapis.com%2Fauth%2Fuserinfo.profile+https%3A%2F%2Fwww.googleapis.com%2Fauth%2Fuserinfo.email+openid&authuser=0&prompt=consent [36m302[0m 995.497 ms - 46[0m
[0mGET / [32m200[0m 34.614 ms - 5222[0m
[0mGET / [32m200[0m 36.912 ms - 8876[0m
[0mGET /users/profile/6298c090bd9aed858a9e671f [32m200[0m 32.392 ms - 2053[0m
[0mGET /users/profile/css/user_profile.css [33m404[0m 28.772 ms - 173[0m
[0mGET /users/profile/6298c4e950f1c2a237a0e73f [32m200[0m 27.928 ms - 2472[0m
[0mGET /users/profile/css/user_profile.css [33m404[0m 16.562 ms - 173[0m
[0mGET / [32m200[0m 53.685 ms - 8541[0m
[0mGET /users/profile/62864f738f72017b73d8b733 [32m200[0m 29.472 ms - 2051[0m
[0mGET / [32m200[0m 76.056 ms - 8540[0m
[0mGET / [32m200[0m 262.699 ms - 5227[0m
[0mGET /favicon.ico [33m404[0m 23.594 ms - 150[0m
[0mGET /users/sign-in [32m200[0m 34.075 ms - 3274[0m
[0mGET /users/auth/google [36m302[0m 16.994 ms - 0[0m
[0mGET /users/auth/google/callback?code=4%2F0AX4XfWjMB-D8I_40nWRJ0NX98hCUzt7wuKutGwTD2Gox9bo2kdgLxIPtkKEiv2Lzg_HA3A&scope=email+profile+https%3A%2F%2Fwww.googleapis.com%2Fauth%2Fuserinfo.profile+https%3A%2F%2Fwww.googleapis.com%2Fauth%2Fuserinfo.email+openid&authuser=0&prompt=consent [36m302[0m 1215.041 ms - 46[0m
[0mGET / [32m200[0m 72.593 ms - 8875[0m
[0mGET / [32m200[0m 172.322 ms - 8540[0m
[0mGET /users/profile/62864f738f72017b73d8b733 [32m200[0m 50.922 ms - 2050[0m
[0mGET / [32m200[0m 125.746 ms - 8540[0m
[0mGET /favicon.ico [33m404[0m 13.610 ms - 150[0m
[0mGET / [32m200[0m 44.602 ms - 5227[0m
[0mGET / [36m304[0m 37.501 ms - -[0m
[0mGET / [36m304[0m 25.566 ms - -[0m
[0mGET / [36m304[0m 38.016 ms - -[0m
[0mGET / [36m304[0m 40.349 ms - -[0m
[0mGET / [32m200[0m 164.135 ms - 5227[0m
[0mGET / [36m304[0m 34.763 ms - -[0m
[0mGET / [36m304[0m 29.145 ms - -[0m
[0mGET /users/sign-in [36m304[0m 10.556 ms - -[0m
